============================= test session starts ==============================
platform linux -- Python 3.11.15, pytest-9.1.1, pluggy-1.6.0 -- /usr/local/bin/python3
rootdir: /home/user/Ram
configfile: pyproject.toml
testpaths: tests
collecting ... collected 154 items

tests/test_config.py::test_parameter_without_source_is_rejected PASSED   [  0%]
tests/test_config.py::test_parameter_without_justification_is_rejected PASSED [  1%]
tests/test_config.py::test_parameter_without_value_is_rejected PASSED    [  1%]
tests/test_config.py::test_resolved_parameter_reads_back PASSED          [  2%]
tests/test_config.py::test_unresolved_value_reports_design_blocked PASSED [  3%]
tests/test_config.py::test_value_without_source_is_still_inadmissible PASSED [  3%]
tests/test_config.py::test_require_fully_resolved_lists_every_gap PASSED [  4%]
tests/test_config.py::test_unknown_key_names_the_problem PASSED          [  5%]
tests/test_config.py::test_shipped_configs_all_parse PASSED              [  5%]
tests/test_config.py::test_shipped_configs_declare_full_provenance PASSED [  6%]
tests/test_config.py::test_frozen_algorithms_are_recorded_as_frozen PASSED [  7%]
tests/test_config.py::test_blocked_items_are_unresolved_not_defaulted PASSED [  7%]
tests/test_config.py::test_cusum_is_observe_only PASSED                  [  8%]
tests/test_config.py::test_operating_point_is_baseline_only PASSED       [  9%]
tests/test_config.py::test_mitigation_scope_is_step_level PASSED         [  9%]
tests/test_contract_compliance.py::test_exactly_five_frozen_layers PASSED [ 10%]
tests/test_contract_compliance.py::test_there_is_no_feedback_layer PASSED [ 11%]
tests/test_contract_compliance.py::test_no_feedback_sink_exists_anywhere PASSED [ 11%]
tests/test_contract_compliance.py::test_pipeline_has_no_risk_score_layer PASSED [ 12%]
tests/test_contract_compliance.py::test_the_four_frozen_verdicts PASSED  [ 12%]
tests/test_contract_compliance.py::test_canonical_mitigation_mapping_is_the_frozen_one PASSED [ 13%]
tests/test_contract_compliance.py::test_canonical_mapping_is_immutable PASSED [ 14%]
tests/test_contract_compliance.py::test_no_episode_level_mitigation_mechanisms PASSED [ 14%]
tests/test_contract_compliance.py::test_no_authoritative_registry_is_shipped PASSED [ 15%]
tests/test_contract_compliance.py::test_no_equation_ids_appear_in_implementation_code PASSED [ 16%]
tests/test_contract_compliance.py::test_every_operation_is_awaiting_a_registry_id PASSED [ 16%]
tests/test_contract_compliance.py::test_every_operation_carries_a_citation PASSED [ 17%]
tests/test_contract_compliance.py::test_supplying_an_equation_id_without_a_registry_raises PASSED [ 18%]
tests/test_contract_compliance.py::test_derivation_requires_full_provenance PASSED [ 18%]
tests/test_contract_compliance.py::test_traceability_report_does_not_claim_completeness PASSED [ 19%]
tests/test_contract_compliance.py::test_forbidden_components_are_absent_from_the_codebase PASSED [ 20%]
tests/test_contract_compliance.py::test_no_composite_risk_equation_is_implemented PASSED [ 20%]
tests/test_contract_compliance.py::test_evidence_carries_no_weight_or_severity PASSED [ 21%]
tests/test_contract_compliance.py::test_only_calibrated_scores_are_calibrated PASSED [ 22%]
tests/test_contract_compliance.py::test_decision_engine_signature_excludes_attribution PASSED [ 22%]
tests/test_frozen_math.py::test_sigmoid_matches_definition PASSED        [ 23%]
tests/test_frozen_math.py::test_sigmoid_is_overflow_safe PASSED          [ 24%]
tests/test_frozen_math.py::test_decision_function_is_the_frozen_linear_form PASSED [ 24%]
tests/test_frozen_math.py::test_uncalibrated_probability_is_sigmoid_of_the_logit PASSED [ 25%]
tests/test_frozen_math.py::test_fit_without_penalty_is_design_blocked PASSED [ 25%]
tests/test_frozen_math.py::test_zero_penalty_is_not_ridge PASSED         [ 26%]
tests/test_frozen_math.py::test_scoring_before_fitting_raises PASSED     [ 27%]
tests/test_frozen_math.py::test_ridge_penalty_shrinks_coefficients PASSED [ 27%]
tests/test_frozen_math.py::test_intercept_is_unpenalised PASSED          [ 28%]
tests/test_frozen_math.py::test_fit_converges_and_validates_shapes PASSED [ 29%]
tests/test_frozen_math.py::test_detector_emits_no_thresholded_label PASSED [ 29%]
tests/test_frozen_math.py::test_detector_refuses_missing_features PASSED [ 30%]
tests/test_frozen_math.py::test_platt_produces_the_frozen_form PASSED    [ 31%]
tests/test_frozen_math.py::test_platt_slope_is_positive PASSED           [ 31%]
tests/test_frozen_math.py::test_platt_is_monotone_increasing PASSED      [ 32%]
tests/test_frozen_math.py::test_platt_rejects_an_inverted_detector PASSED [ 33%]
tests/test_frozen_math.py::test_platt_requires_both_classes PASSED       [ 33%]
tests/test_frozen_math.py::test_platt_smoothed_targets_keep_separable_data_finite PASSED [ 34%]
tests/test_frozen_math.py::test_transform_marks_the_score_calibrated PASSED [ 35%]
tests/test_frozen_math.py::test_transform_requires_a_logit PASSED        [ 35%]
tests/test_frozen_math.py::test_calibrating_before_fitting_raises PASSED [ 36%]
tests/test_frozen_math.py::test_conditional_risk_matches_the_frozen_equation PASSED [ 37%]
tests/test_frozen_math.py::test_argmin_selects_allow_when_risk_is_low PASSED [ 37%]
tests/test_frozen_math.py::test_argmin_selects_block_when_risk_is_high PASSED [ 38%]
tests/test_frozen_math.py::test_argmin_can_select_an_intermediate_verdict PASSED [ 38%]
tests/test_frozen_math.py::test_risk_table_covers_all_four_verdicts PASSED [ 39%]
tests/test_frozen_math.py::test_exact_tie_raises_rather_than_choosing PASSED [ 40%]
tests/test_frozen_math.py::test_engine_without_loss_grid_is_design_blocked PASSED [ 40%]
tests/test_frozen_math.py::test_loss_grid_requires_a_source PASSED       [ 41%]
tests/test_frozen_math.py::test_incomplete_loss_grid_is_rejected PASSED  [ 42%]
tests/test_frozen_math.py::test_unknown_tier_is_design_blocked PASSED    [ 42%]
tests/test_frozen_math.py::test_decide_requires_a_calibrated_probability PASSED [ 43%]
tests/test_frozen_math.py::test_decide_requires_a_consequence_tier PASSED [ 44%]
tests/test_frozen_math.py::test_firing_predicate_without_policy_is_design_blocked PASSED [ 44%]
tests/test_frozen_math.py::test_non_firing_predicates_do_not_block PASSED [ 45%]
tests/test_frozen_math.py::test_decision_records_the_full_risk_table PASSED [ 46%]
tests/test_frozen_math.py::test_shapley_value_matches_the_closed_form PASSED [ 46%]
tests/test_frozen_math.py::test_base_value_is_the_model_at_the_background_mean PASSED [ 47%]
tests/test_frozen_math.py::test_local_accuracy_holds PASSED              [ 48%]
tests/test_frozen_math.py::test_attribution_is_flagged_audit_only PASSED [ 48%]
tests/test_frozen_math.py::test_attribution_cannot_reach_the_decision_engine PASSED [ 49%]
tests/test_frozen_math.py::test_attributor_requires_a_background_mean_for_every_feature PASSED [ 50%]
tests/test_frozen_math.py::test_ranking_is_by_magnitude_without_rescaling PASSED [ 50%]
tests/test_metrics.py::test_confusion_matrix_counts PASSED               [ 51%]
tests/test_metrics.py::test_precision PASSED                             [ 51%]
tests/test_metrics.py::test_recall_and_detection_rate_agree PASSED       [ 52%]
tests/test_metrics.py::test_false_positive_rate PASSED                   [ 53%]
tests/test_metrics.py::test_false_negative_rate PASSED                   [ 53%]
tests/test_metrics.py::test_f1 PASSED                                    [ 54%]
tests/test_metrics.py::test_accuracy PASSED                              [ 55%]
tests/test_metrics.py::test_perfect_detector PASSED                      [ 55%]
tests/test_metrics.py::test_undefined_metrics_are_nan_not_zero PASSED    [ 56%]
tests/test_metrics.py::test_undefined_fpr_when_no_negatives PASSED       [ 57%]
tests/test_metrics.py::test_confusion_matrix_input_validation PASSED     [ 57%]
tests/test_metrics.py::test_security_report_keys PASSED                  [ 58%]
tests/test_metrics.py::test_brier_score_perfect_forecast PASSED          [ 59%]
tests/test_metrics.py::test_brier_score_hand_computed PASSED             [ 59%]
tests/test_metrics.py::test_brier_score_rejects_non_probabilities PASSED [ 60%]
tests/test_metrics.py::test_brier_score_rejects_uncalibrated_results PASSED [ 61%]
tests/test_metrics.py::test_brier_score_accepts_calibrated_results PASSED [ 61%]
tests/test_metrics.py::test_mean PASSED                                  [ 62%]
tests/test_metrics.py::test_mean_undefined_on_empty PASSED               [ 62%]
tests/test_metrics.py::test_quantile_definition_7 PASSED                 [ 63%]
tests/test_metrics.py::test_quantile_single_sample PASSED                [ 64%]
tests/test_metrics.py::test_quantile_validates_probability_level PASSED  [ 64%]
tests/test_metrics.py::test_latency_recorder_reports PASSED              [ 65%]
tests/test_metrics.py::test_latency_report_rejects_empty PASSED          [ 66%]
tests/test_metrics.py::test_throughput PASSED                            [ 66%]
tests/test_mitigation.py::test_allow_releases_the_action PASSED          [ 67%]
tests/test_mitigation.py::test_block_prevents_execution_of_this_step_only PASSED [ 68%]
tests/test_mitigation.py::test_escalate_withholds_pending_review PASSED  [ 68%]
tests/test_mitigation.py::test_modify_without_a_declared_mechanism_is_design_blocked PASSED [ 69%]
tests/test_mitigation.py::test_modify_uses_the_declared_mechanism PASSED [ 70%]
tests/test_mitigation.py::test_outcome_is_attached_to_the_step PASSED    [ 70%]
tests/test_mitigation.py::test_every_verdict_has_a_canonical_mechanism PASSED [ 71%]
tests/test_mitigation.py::test_block_handles_a_step_with_no_tool_call PASSED [ 72%]
tests/test_mitigation.py::test_no_mechanism_sets_an_episode_level_flag PASSED [ 72%]
tests/test_pipeline.py::test_pipeline_runs_the_frozen_stage_order PASSED [ 73%]
tests/test_pipeline.py::test_calibration_changes_the_semantics PASSED    [ 74%]
tests/test_pipeline.py::test_exfiltration_after_injection_is_not_allowed PASSED [ 74%]
tests/test_pipeline.py::test_benign_first_step_is_allowed PASSED         [ 75%]
tests/test_pipeline.py::test_block_withholds_the_tool_call_at_step_level PASSED [ 75%]
tests/test_pipeline.py::test_attribution_runs_after_the_verdict PASSED   [ 76%]
tests/test_pipeline.py::test_audit_record_permits_rechecking_the_argmin PASSED [ 77%]
tests/test_pipeline.py::test_audit_records_both_calibrated_and_uncalibrated PASSED [ 77%]
tests/test_pipeline.py::test_audit_stores_digests_not_payloads_by_default PASSED [ 78%]
tests/test_pipeline.py::test_audit_writes_jsonl PASSED                   [ 79%]
tests/test_pipeline.py::test_evaluation_is_causal PASSED                 [ 79%]
tests/test_pipeline.py::test_ablation_labels PASSED                      [ 80%]
tests/test_pipeline.py::test_ablating_attribution_leaves_the_verdict_unchanged PASSED [ 81%]
tests/test_pipeline.py::test_ablating_calibration_is_refused PASSED      [ 81%]
tests/test_pipeline.py::test_missing_components_are_reported PASSED      [ 82%]
tests/test_pipeline.py::test_describe_lists_the_five_frozen_layers PASSED [ 83%]
tests/test_pipeline.py::test_unresolved_components_report_design_blocked[component0-<lambda>] PASSED [ 83%]
tests/test_pipeline.py::test_unresolved_components_report_design_blocked[component1-<lambda>] PASSED [ 84%]
tests/test_pipeline.py::test_unresolved_components_report_design_blocked[component2-<lambda>] PASSED [ 85%]
tests/test_pipeline.py::test_unresolved_components_report_design_blocked[component3-<lambda>] PASSED [ 85%]
tests/test_pipeline.py::test_design_blocked_message_names_the_document PASSED [ 86%]
tests/test_reproducibility.py::test_seeding_makes_runs_reproducible PASSED [ 87%]
tests/test_reproducibility.py::test_different_seeds_differ PASSED        [ 87%]
tests/test_reproducibility.py::test_seed_report_names_the_sources PASSED [ 88%]
tests/test_reproducibility.py::test_experiment_ids_are_prefixed PASSED   [ 88%]
tests/test_reproducibility.py::test_file_digest_detects_change PASSED    [ 89%]
tests/test_reproducibility.py::test_file_digest_missing_file_is_none PASSED [ 90%]
tests/test_reproducibility.py::test_manifest_records_the_contract_digest PASSED [ 90%]
tests/test_reproducibility.py::test_manifest_captures_environment PASSED [ 91%]
tests/test_reproducibility.py::test_manifest_round_trips_to_disk PASSED  [ 92%]
tests/test_trajectory.py::test_new_trajectory_ids_are_unique PASSED      [ 92%]
tests/test_trajectory.py::test_append_enforces_step_order PASSED         [ 93%]
tests/test_trajectory.py::test_new_step_wires_state_transitions PASSED   [ 94%]
tests/test_trajectory.py::test_benign_multi_step_trajectory PASSED       [ 94%]
tests/test_trajectory.py::test_tool_abuse_sequence_is_represented_faithfully PASSED [ 95%]
tests/test_trajectory.py::test_prompt_injection_content_is_carried_verbatim PASSED [ 96%]
tests/test_trajectory.py::test_unexpected_tool_output_and_errors PASSED  [ 96%]
tests/test_trajectory.py::test_missing_data_defaults_are_safe PASSED     [ 97%]
tests/test_trajectory.py::test_provenance_defaults_to_unlabelled PASSED  [ 98%]
tests/test_trajectory.py::test_evidence_carries_no_weight PASSED         [ 98%]
tests/test_trajectory.py::test_prefix_is_causal PASSED                   [ 99%]
tests/test_trajectory.py::test_prefix_of_first_step_is_empty PASSED      [100%]

============================= 154 passed in 0.47s ==============================
